Frontend/Frontend/build/app/intermediates/manifest_merge_blame_file/release/manifest-merger-blame-release-report.txt
1<?xml version="1.0" encoding="utf-8"?>
2<manifest xmlns:android="http://schemas.android.com/apk/res/android"
3    package="com.kodra.kodra"
4    android:versionCode="1"
5    android:versionName="2.0.0" >
6
7    <uses-sdk
8        android:minSdkVersion="21"
8-->src\main\AndroidManifest.xml
9        android:targetSdkVersion="31" />
9-->src\main\AndroidManifest.xml
10
11    <uses-permission android:name="android.permission.RECORD_AUDIO" />
11-->src\main\AndroidManifest.xml:3:5-71
11-->src\main\AndroidManifest.xml:3:22-68
12    <uses-permission android:name="android.permission.WRITE_EXTERNAL_STORAGE" />
12-->src\main\AndroidManifest.xml:4:5-80
12-->src\main\AndroidManifest.xml:4:22-78
13    <uses-permission android:name="android.permission.READ_EXTERNAL_STORAGE" />
13-->src\main\AndroidManifest.xml:5:5-79
13-->src\main\AndroidManifest.xml:5:22-77
14
15    <queries>
15-->src\main\AndroidManifest.xml:7:5-15:15
16        <intent>
16-->src\main\AndroidManifest.xml:8:9-10:18
17            <action android:name="android.intent.action.TTS_SERVICE" />
17-->src\main\AndroidManifest.xml:9:13-72
17-->src\main\AndroidManifest.xml:9:21-69
18        </intent>
19        <intent>
19-->src\main\AndroidManifest.xml:11:9-14:18
20            <action android:name="android.intent.action.SENDTO" />
20-->src\main\AndroidManifest.xml:12:13-67
20-->src\main\AndroidManifest.xml:12:21-64
21
22            <data android:scheme="mailto" />
22-->src\main\AndroidManifest.xml:13:13-45
22-->src\main\AndroidManifest.xml:13:19-42
23        </intent>
24        <intent>
24-->[:flutter_inappwebview] AndroidManifest.xml:10:9-12:18
25            <action android:name="android.support.customtabs.action.CustomTabsService" />
25-->[:flutter_inappwebview] AndroidManifest.xml:11:13-90
25-->[:flutter_inappwebview] AndroidManifest.xml:11:21-87
26        </intent>
27
28        <package android:name="com.google.android.apps.maps" />
28-->[:map_launcher] AndroidManifest.xml:10:9-64
28-->[:map_launcher] AndroidManifest.xml:10:18-61
29        <package android:name="com.google.android.apps.mapslite" />
29-->[:map_launcher] AndroidManifest.xml:11:9-68
29-->[:map_launcher] AndroidManifest.xml:11:18-65
30        <package android:name="com.autonavi.minimap" />
30-->[:map_launcher] AndroidManifest.xml:12:9-56
30-->[:map_launcher] AndroidManifest.xml:12:18-53
31        <package android:name="com.baidu.BaiduMap" />
31-->[:map_launcher] AndroidManifest.xml:13:9-54
31-->[:map_launcher] AndroidManifest.xml:13:18-51
32        <package android:name="com.waze" />
32-->[:map_launcher] AndroidManifest.xml:14:9-44
32-->[:map_launcher] AndroidManifest.xml:14:18-41
33        <package android:name="ru.yandex.yandexnavi" />
33-->[:map_launcher] AndroidManifest.xml:15:9-56
33-->[:map_launcher] AndroidManifest.xml:15:18-53
34        <package android:name="ru.yandex.yandexmaps" />
34-->[:map_launcher] AndroidManifest.xml:16:9-56
34-->[:map_launcher] AndroidManifest.xml:16:18-53
35        <package android:name="com.citymapper.app.release" />
35-->[:map_launcher] AndroidManifest.xml:17:9-62
35-->[:map_launcher] AndroidManifest.xml:17:18-59
36        <package android:name="com.mapswithme.maps.pro" />
36-->[:map_launcher] AndroidManifest.xml:18:9-59
36-->[:map_launcher] AndroidManifest.xml:18:18-56
37        <package android:name="net.osmand" />
37-->[:map_launcher] AndroidManifest.xml:19:9-46
37-->[:map_launcher] AndroidManifest.xml:19:18-43
38        <package android:name="net.osmand.plus" />
38-->[:map_launcher] AndroidManifest.xml:20:9-51
38-->[:map_launcher] AndroidManifest.xml:20:18-48
39        <package android:name="ru.dublgis.dgismobile" />
39-->[:map_launcher] AndroidManifest.xml:21:9-57
39-->[:map_launcher] AndroidManifest.xml:21:18-54
40        <package android:name="com.tencent.map" />
40-->[:map_launcher] AndroidManifest.xml:22:9-51
40-->[:map_launcher] AndroidManifest.xml:22:18-48
41        <package android:name="com.here.app.maps" />
41-->[:map_launcher] AndroidManifest.xml:23:9-53
41-->[:map_launcher] AndroidManifest.xml:23:18-50
42        <package android:name="com.huawei.maps.app" />
42-->[:map_launcher] AndroidManifest.xml:24:9-55
42-->[:map_launcher] AndroidManifest.xml:24:18-52
43    </queries>
44
45    <uses-permission android:name="android.permission.FOREGROUND_SERVICE" />
45-->[:geolocator_android] AndroidManifest.xml:9:5-77
45-->[:geolocator_android] AndroidManifest.xml:9:22-74
46    <uses-permission android:name="android.permission.RECEIVE_BOOT_COMPLETED" />
46-->[:flutter_local_notifications] AndroidManifest.xml:9:5-81
46-->[:flutter_local_notifications] AndroidManifest.xml:9:22-78
47    <uses-permission android:name="android.permission.VIBRATE" />
47-->[:flutter_local_notifications] AndroidManifest.xml:10:5-66
47-->[:flutter_local_notifications] AndroidManifest.xml:10:22-63
48    <uses-permission android:name="android.permission.USE_FULL_SCREEN_INTENT" />
48-->[:flutter_local_notifications] AndroidManifest.xml:11:5-81
48-->[:flutter_local_notifications] AndroidManifest.xml:11:22-78
49    <uses-permission android:name="android.permission.SCHEDULE_EXACT_ALARM" />
49-->[:flutter_local_notifications] AndroidManifest.xml:12:5-79
49-->[:flutter_local_notifications] AndroidManifest.xml:12:22-76
50    <uses-permission android:name="android.permission.POST_NOTIFICATIONS" />
50-->[:flutter_local_notifications] AndroidManifest.xml:13:5-77
50-->[:flutter_local_notifications] AndroidManifest.xml:13:22-74
51    <uses-permission android:name="android.permission.BLUETOOTH_CONNECT" />
51-->[:speech_to_text] AndroidManifest.xml:9:5-76
51-->[:speech_to_text] AndroidManifest.xml:9:22-73
52    <uses-permission android:name="android.permission.ACCESS_NETWORK_STATE" />
52-->[:connectivity_plus] AndroidManifest.xml:9:5-79
52-->[:connectivity_plus] AndroidManifest.xml:9:22-76
53    <uses-permission android:name="android.permission.ACCESS_COARSE_LOCATION" />
53-->[:location] AndroidManifest.xml:9:5-81
53-->[:location] AndroidManifest.xml:9:22-78
54    <uses-permission android:name="android.permission.ACCESS_FINE_LOCATION" />
54-->[:location] AndroidManifest.xml:10:5-79
54-->[:location] AndroidManifest.xml:10:22-76
55    <uses-permission android:name="android.permission.INTERNET" />
55-->[com.google.firebase:firebase-storage:20.1.0] AndroidManifest.xml:26:5-67
55-->[com.google.firebase:firebase-storage:20.1.0] AndroidManifest.xml:26:22-64
56
57    <application
58        android:name="android.app.Application"
58-->src\main\AndroidManifest.xml:18:9-42
59        android:appComponentFactory="androidx.core.app.CoreComponentFactory"
59-->[androidx.core:core:1.8.0] AndroidManifest.xml:24:18-86
60        android:icon="@mipmap/launcher_icon"
60-->src\main\AndroidManifest.xml:19:9-45
61        android:label="Qudra" >
61-->src\main\AndroidManifest.xml:17:9-30
62        <activity
62-->src\main\AndroidManifest.xml:20:9-41:20
63            android:name="com.kodra.kodra.MainActivity"
63-->src\main\AndroidManifest.xml:21:13-41
64            android:configChanges="orientation|keyboardHidden|keyboard|screenSize|smallestScreenSize|locale|layoutDirection|fontScale|screenLayout|density|uiMode"
64-->src\main\AndroidManifest.xml:25:13-163
65            android:exported="true"
65-->src\main\AndroidManifest.xml:22:13-36
66            android:hardwareAccelerated="true"
66-->src\main\AndroidManifest.xml:26:13-47
67            android:launchMode="singleTop"
67-->src\main\AndroidManifest.xml:23:13-43
68            android:theme="@style/LaunchTheme"
68-->src\main\AndroidManifest.xml:24:13-47
69            android:windowSoftInputMode="adjustResize" >
69-->src\main\AndroidManifest.xml:27:13-55
70
71            <!--
72                 Specifies an Android theme to apply to this Activity as soon as
73                 the Android process has started. This theme is visible to the user
74                 while the Flutter UI initializes. After that, this theme continues
75                 to determine the Window background behind the Flutter UI.
76            -->
77            <meta-data
77-->src\main\AndroidManifest.xml:32:13-35:17
78                android:name="io.flutter.embedding.android.NormalTheme"
78-->src\main\AndroidManifest.xml:33:15-70
79                android:resource="@style/NormalTheme" />
79-->src\main\AndroidManifest.xml:34:15-52
80
81            <intent-filter>
81-->src\main\AndroidManifest.xml:36:13-40:29
82                <action android:name="android.intent.action.MAIN" />
82-->src\main\AndroidManifest.xml:37:17-68
82-->src\main\AndroidManifest.xml:37:25-66
83
84                <category android:name="android.intent.category.LAUNCHER" />
84-->src\main\AndroidManifest.xml:38:17-76
84-->src\main\AndroidManifest.xml:38:27-74
85
86                <action android:name="android.intent.action.SENDTO" />
86-->src\main\AndroidManifest.xml:12:13-67
86-->src\main\AndroidManifest.xml:12:21-64
87            </intent-filter>
88        </activity>
89        <!--
90             Don't delete the meta-data below.
91             This is used by the Flutter tool to generate GeneratedPluginRegistrant.java
92        -->
93        <meta-data
93-->src\main\AndroidManifest.xml:44:9-46:33
94            android:name="flutterEmbedding"
94-->src\main\AndroidManifest.xml:45:13-44
95            android:value="2" />
95-->src\main\AndroidManifest.xml:46:13-30
96
97        <service
97-->[:firebase_database] AndroidManifest.xml:10:9-14:19
98            android:name="com.google.firebase.components.ComponentDiscoveryService"
98-->[:firebase_database] AndroidManifest.xml:10:18-89
99            android:directBootAware="true"
99-->[com.google.firebase:firebase-common:20.2.0] AndroidManifest.xml:34:13-43
100            android:exported="false" >
100-->[com.google.firebase:firebase-storage:20.1.0] AndroidManifest.xml:31:13-37
101            <meta-data
101-->[:firebase_database] AndroidManifest.xml:11:13-13:85
102                android:name="com.google.firebase.components:io.flutter.plugins.firebase.database.FlutterFirebaseAppRegistrar"
102-->[:firebase_database] AndroidManifest.xml:12:17-127
103                android:value="com.google.firebase.components.ComponentRegistrar" />
103-->[:firebase_database] AndroidManifest.xml:13:17-82
104            <meta-data
104-->[:firebase_storage] AndroidManifest.xml:11:13-13:85
105                android:name="com.google.firebase.components:io.flutter.plugins.firebase.storage.FlutterFirebaseAppRegistrar"
105-->[:firebase_storage] AndroidManifest.xml:12:17-126
106                android:value="com.google.firebase.components.ComponentRegistrar" />
106-->[:firebase_storage] AndroidManifest.xml:13:17-82
107            <meta-data
107-->[:firebase_core] AndroidManifest.xml:11:13-13:85
108                android:name="com.google.firebase.components:io.flutter.plugins.firebase.core.FlutterFirebaseCoreRegistrar"
108-->[:firebase_core] AndroidManifest.xml:12:17-124
109                android:value="com.google.firebase.components.ComponentRegistrar" />
109-->[:firebase_core] AndroidManifest.xml:13:17-82
110            <meta-data
110-->[com.google.firebase:firebase-storage:20.1.0] AndroidManifest.xml:32:13-34:85
111                android:name="com.google.firebase.components:com.google.firebase.storage.StorageRegistrar"
111-->[com.google.firebase:firebase-storage:20.1.0] AndroidManifest.xml:33:17-107
112                android:value="com.google.firebase.components.ComponentRegistrar" />
112-->[com.google.firebase:firebase-storage:20.1.0] AndroidManifest.xml:34:17-82
113            <meta-data
113-->[com.google.firebase:firebase-database:20.1.0] AndroidManifest.xml:31:13-33:85
114                android:name="com.google.firebase.components:com.google.firebase.database.DatabaseRegistrar"
114-->[com.google.firebase:firebase-database:20.1.0] AndroidManifest.xml:32:17-109
115                android:value="com.google.firebase.components.ComponentRegistrar" />
115-->[com.google.firebase:firebase-database:20.1.0] AndroidManifest.xml:33:17-82
116        </service>
117        <service
117-->[:geolocator_android] AndroidManifest.xml:12:9-16:56
118            android:name="com.baseflow.geolocator.GeolocatorLocationService"
118-->[:geolocator_android] AndroidManifest.xml:13:13-77
119            android:enabled="true"
119-->[:geolocator_android] AndroidManifest.xml:14:13-35
120            android:exported="false"
120-->[:geolocator_android] AndroidManifest.xml:15:13-37
121            android:foregroundServiceType="location" />
121-->[:geolocator_android] AndroidManifest.xml:16:13-53
122
123        <receiver
123-->[:flutter_local_notifications] AndroidManifest.xml:16:9-18:40
124            android:name="com.dexterous.flutterlocalnotifications.ActionBroadcastReceiver"
124-->[:flutter_local_notifications] AndroidManifest.xml:17:13-91
125            android:exported="false" />
125-->[:flutter_local_notifications] AndroidManifest.xml:18:13-37
126        <receiver
126-->[:flutter_local_notifications] AndroidManifest.xml:19:9-21:40
127            android:name="com.dexterous.flutterlocalnotifications.ScheduledNotificationReceiver"
127-->[:flutter_local_notifications] AndroidManifest.xml:20:13-97
128            android:exported="false" />
128-->[:flutter_local_notifications] AndroidManifest.xml:21:13-37
129        <receiver
129-->[:flutter_local_notifications] AndroidManifest.xml:22:9-31:20
130            android:name="com.dexterous.flutterlocalnotifications.ScheduledNotificationBootReceiver"
130-->[:flutter_local_notifications] AndroidManifest.xml:23:13-101
131            android:exported="false" >
131-->[:flutter_local_notifications] AndroidManifest.xml:24:13-37
132            <intent-filter>
132-->[:flutter_local_notifications] AndroidManifest.xml:25:13-30:29
133                <action android:name="android.intent.action.BOOT_COMPLETED" />
133-->[:flutter_local_notifications] AndroidManifest.xml:26:17-79
133-->[:flutter_local_notifications] AndroidManifest.xml:26:25-76
134                <action android:name="android.intent.action.MY_PACKAGE_REPLACED" />
134-->[:flutter_local_notifications] AndroidManifest.xml:27:17-84
134-->[:flutter_local_notifications] AndroidManifest.xml:27:25-81
135                <action android:name="android.intent.action.QUICKBOOT_POWERON" />
135-->[:flutter_local_notifications] AndroidManifest.xml:28:17-82
135-->[:flutter_local_notifications] AndroidManifest.xml:28:25-79
136                <action android:name="com.htc.intent.action.QUICKBOOT_POWERON" />
136-->[:flutter_local_notifications] AndroidManifest.xml:29:17-82
136-->[:flutter_local_notifications] AndroidManifest.xml:29:25-79
137            </intent-filter>
138        </receiver>
139
140        <activity
140-->[:flutter_inappwebview] AndroidManifest.xml:16:9-20:47
141            android:name="com.pichillilorenzo.flutter_inappwebview.in_app_browser.InAppBrowserActivity"
141-->[:flutter_inappwebview] AndroidManifest.xml:17:13-104
142            android:configChanges="orientation|keyboardHidden|keyboard|screenSize|locale|layoutDirection|fontScale|screenLayout|density"
142-->[:flutter_inappwebview] AndroidManifest.xml:18:13-137
143            android:exported="false"
143-->[:flutter_inappwebview] AndroidManifest.xml:19:13-37
144            android:theme="@style/AppTheme" />
144-->[:flutter_inappwebview] AndroidManifest.xml:20:13-44
145        <activity
145-->[:flutter_inappwebview] AndroidManifest.xml:21:9-24:55
146            android:name="com.pichillilorenzo.flutter_inappwebview.chrome_custom_tabs.ChromeCustomTabsActivity"
146-->[:flutter_inappwebview] AndroidManifest.xml:22:13-112
147            android:exported="false"
147-->[:flutter_inappwebview] AndroidManifest.xml:23:13-37
148            android:theme="@style/ThemeTransparent" />
148-->[:flutter_inappwebview] AndroidManifest.xml:24:13-52
149        <activity
149-->[:flutter_inappwebview] AndroidManifest.xml:25:9-28:55
150            android:name="com.pichillilorenzo.flutter_inappwebview.chrome_custom_tabs.TrustedWebActivity"
150-->[:flutter_inappwebview] AndroidManifest.xml:26:13-106
151            android:exported="false"
151-->[:flutter_inappwebview] AndroidManifest.xml:27:13-37
152            android:theme="@style/ThemeTransparent" />
152-->[:flutter_inappwebview] AndroidManifest.xml:28:13-52
153        <activity
153-->[:flutter_inappwebview] AndroidManifest.xml:29:9-33:55
154            android:name="com.pichillilorenzo.flutter_inappwebview.chrome_custom_tabs.ChromeCustomTabsActivitySingleInstance"
154-->[:flutter_inappwebview] AndroidManifest.xml:30:13-126
155            android:exported="false"
155-->[:flutter_inappwebview] AndroidManifest.xml:31:13-37
156            android:launchMode="singleInstance"
156-->[:flutter_inappwebview] AndroidManifest.xml:32:13-48
157            android:theme="@style/ThemeTransparent" />
157-->[:flutter_inappwebview] AndroidManifest.xml:33:13-52
158        <activity
158-->[:flutter_inappwebview] AndroidManifest.xml:34:9-38:55
159            android:name="com.pichillilorenzo.flutter_inappwebview.chrome_custom_tabs.TrustedWebActivitySingleInstance"
159-->[:flutter_inappwebview] AndroidManifest.xml:35:13-120
160            android:exported="false"
160-->[:flutter_inappwebview] AndroidManifest.xml:36:13-37
161            android:launchMode="singleInstance"
161-->[:flutter_inappwebview] AndroidManifest.xml:37:13-48
162            android:theme="@style/ThemeTransparent" />
162-->[:flutter_inappwebview] AndroidManifest.xml:38:13-52
163
164        <receiver
164-->[:flutter_inappwebview] AndroidManifest.xml:40:9-43:40
165            android:name="com.pichillilorenzo.flutter_inappwebview.chrome_custom_tabs.ActionBroadcastReceiver"
165-->[:flutter_inappwebview] AndroidManifest.xml:41:13-111
166            android:enabled="true"
166-->[:flutter_inappwebview] AndroidManifest.xml:42:13-35
167            android:exported="false" />
167-->[:flutter_inappwebview] AndroidManifest.xml:43:13-37
168
169        <meta-data
169-->[:flutter_inappwebview] AndroidManifest.xml:45:9-47:36
170            android:name="io.flutter.embedded_views_preview"
170-->[:flutter_inappwebview] AndroidManifest.xml:46:13-61
171            android:value="true" />
171-->[:flutter_inappwebview] AndroidManifest.xml:47:13-33
172
173        <provider
173-->[:image_picker_android] AndroidManifest.xml:10:9-18:20
174            android:name="io.flutter.plugins.imagepicker.ImagePickerFileProvider"
174-->[:image_picker_android] AndroidManifest.xml:11:13-82
175            android:authorities="com.kodra.kodra.flutter.image_provider"
175-->[:image_picker_android] AndroidManifest.xml:12:13-74
176            android:exported="false"
176-->[:image_picker_android] AndroidManifest.xml:13:13-37
177            android:grantUriPermissions="true" >
177-->[:image_picker_android] AndroidManifest.xml:14:13-47
178            <meta-data
178-->[:image_picker_android] AndroidManifest.xml:15:13-17:75
179                android:name="android.support.FILE_PROVIDER_PATHS"
179-->[:image_picker_android] AndroidManifest.xml:16:17-67
180                android:resource="@xml/flutter_image_picker_file_paths" />
180-->[:image_picker_android] AndroidManifest.xml:17:17-72
181        </provider>
182        <provider
182-->[:flutter_email_sender] AndroidManifest.xml:10:9-18:20
183            android:name="com.sidlatau.flutteremailsender.FlutterEmailSenderFileProvider"
183-->[:flutter_email_sender] AndroidManifest.xml:11:13-90
184            android:authorities="com.kodra.kodra.file_provider"
184-->[:flutter_email_sender] AndroidManifest.xml:12:13-65
185            android:exported="false"
185-->[:flutter_email_sender] AndroidManifest.xml:13:13-37
186            android:grantUriPermissions="true" >
186-->[:flutter_email_sender] AndroidManifest.xml:14:13-47
187            <meta-data
187-->[:image_picker_android] AndroidManifest.xml:15:13-17:75
188                android:name="android.support.FILE_PROVIDER_PATHS"
188-->[:image_picker_android] AndroidManifest.xml:16:17-67
189                android:resource="@xml/shared_file_paths" />
189-->[:image_picker_android] AndroidManifest.xml:17:17-72
190        </provider>
191
192        <activity
192-->[:url_launcher_android] AndroidManifest.xml:10:9-13:74
193            android:name="io.flutter.plugins.urllauncher.WebViewActivity"
193-->[:url_launcher_android] AndroidManifest.xml:11:13-74
194            android:exported="false"
194-->[:url_launcher_android] AndroidManifest.xml:12:13-37
195            android:theme="@android:style/Theme.NoTitleBar.Fullscreen" />
195-->[:url_launcher_android] AndroidManifest.xml:13:13-71
196
197        <service
197-->[:location] AndroidManifest.xml:13:9-17:56
198            android:name="com.lyokone.location.FlutterLocationService"
198-->[:location] AndroidManifest.xml:14:13-71
199            android:enabled="true"
199-->[:location] AndroidManifest.xml:15:13-35
200            android:exported="false"
200-->[:location] AndroidManifest.xml:16:13-37
201            android:foregroundServiceType="location" />
201-->[:location] AndroidManifest.xml:17:13-53
202
203        <uses-library
203-->[androidx.window:window:1.0.0-beta04] AndroidManifest.xml:25:9-27:40
204            android:name="androidx.window.extensions"
204-->[androidx.window:window:1.0.0-beta04] AndroidManifest.xml:26:13-54
205            android:required="false" />
205-->[androidx.window:window:1.0.0-beta04] AndroidManifest.xml:27:13-37
206        <uses-library
206-->[androidx.window:window:1.0.0-beta04] AndroidManifest.xml:28:9-30:40
207            android:name="androidx.window.sidecar"
207-->[androidx.window:window:1.0.0-beta04] AndroidManifest.xml:29:13-51
208            android:required="false" />
208-->[androidx.window:window:1.0.0-beta04] AndroidManifest.xml:30:13-37
209
210        <activity
210-->[com.google.android.gms:play-services-base:18.0.1] AndroidManifest.xml:20:9-22:45
211            android:name="com.google.android.gms.common.api.GoogleApiActivity"
211-->[com.google.android.gms:play-services-base:18.0.1] AndroidManifest.xml:20:19-85
212            android:exported="false"
212-->[com.google.android.gms:play-services-base:18.0.1] AndroidManifest.xml:22:19-43
213            android:theme="@android:style/Theme.Translucent.NoTitleBar" />
213-->[com.google.android.gms:play-services-base:18.0.1] AndroidManifest.xml:21:19-78
214
215        <provider
215-->[com.google.firebase:firebase-common:20.2.0] AndroidManifest.xml:25:9-30:39
216            android:name="com.google.firebase.provider.FirebaseInitProvider"
216-->[com.google.firebase:firebase-common:20.2.0] AndroidManifest.xml:26:13-77
217            android:authorities="com.kodra.kodra.firebaseinitprovider"
217-->[com.google.firebase:firebase-common:20.2.0] AndroidManifest.xml:27:13-72
218            android:directBootAware="true"
218-->[com.google.firebase:firebase-common:20.2.0] AndroidManifest.xml:28:13-43
219            android:exported="false"
219-->[com.google.firebase:firebase-common:20.2.0] AndroidManifest.xml:29:13-37
220            android:initOrder="100" />
220-->[com.google.firebase:firebase-common:20.2.0] AndroidManifest.xml:30:13-36
221
222        <meta-data
222-->[com.google.android.gms:play-services-basement:18.1.0] AndroidManifest.xml:21:9-23:69
223            android:name="com.google.android.gms.version"
223-->[com.google.android.gms:play-services-basement:18.1.0] AndroidManifest.xml:22:13-58
224            android:value="@integer/google_play_services_version" />
224-->[com.google.android.gms:play-services-basement:18.1.0] AndroidManifest.xml:23:13-66
225
226        <provider
226-->[androidx.emoji2:emoji2:1.2.0] AndroidManifest.xml:24:9-32:20
227            android:name="androidx.startup.InitializationProvider"
227-->[androidx.emoji2:emoji2:1.2.0] AndroidManifest.xml:25:13-67
228            android:authorities="com.kodra.kodra.androidx-startup"
228-->[androidx.emoji2:emoji2:1.2.0] AndroidManifest.xml:26:13-68
229            android:exported="false" >
229-->[androidx.emoji2:emoji2:1.2.0] AndroidManifest.xml:27:13-37
230            <meta-data
230-->[androidx.emoji2:emoji2:1.2.0] AndroidManifest.xml:29:13-31:52
231                android:name="androidx.emoji2.text.EmojiCompatInitializer"
231-->[androidx.emoji2:emoji2:1.2.0] AndroidManifest.xml:30:17-75
232                android:value="androidx.startup" />
232-->[androidx.emoji2:emoji2:1.2.0] AndroidManifest.xml:31:17-49
233            <meta-data
233-->[androidx.lifecycle:lifecycle-process:2.4.1] AndroidManifest.xml:31:13-33:52
234                android:name="androidx.lifecycle.ProcessLifecycleInitializer"
234-->[androidx.lifecycle:lifecycle-process:2.4.1] AndroidManifest.xml:32:17-78
235                android:value="androidx.startup" />
235-->[androidx.lifecycle:lifecycle-process:2.4.1] AndroidManifest.xml:33:17-49
236        </provider>
237    </application>
238
239</manifest>